{
  "pkg": "pastry",
  "downloads": [
    {
      "day": "2013-10-26",
      "count": 2
    },
    {
      "day": "2013-10-27",
      "count": 1
    },
    {
      "day": "2013-10-28",
      "count": 2
    },
    {
      "day": "2013-10-29",
      "count": 30
    },
    {
      "day": "2013-10-30",
      "count": 19
    },
    {
      "day": "2013-10-31",
      "count": 11
    },
    {
      "day": "2013-11-01",
      "count": 2
    },
    {
      "day": "2013-11-03",
      "count": 10
    },
    {
      "day": "2013-11-04",
      "count": 2
    },
    {
      "day": "2013-11-05",
      "count": 12
    },
    {
      "day": "2013-11-06",
      "count": 44
    },
    {
      "day": "2013-11-07",
      "count": 9
    },
    {
      "day": "2013-11-08",
      "count": 52
    },
    {
      "day": "2013-11-09",
      "count": 12
    },
    {
      "day": "2013-11-10",
      "count": 109
    },
    {
      "day": "2013-11-11",
      "count": 5
    },
    {
      "day": "2013-11-12",
      "count": 30
    },
    {
      "day": "2013-11-13",
      "count": 77
    },
    {
      "day": "2013-11-14",
      "count": 25
    }
  ]
}